# Logfile created on Sat Jun 06 20:52:54 +0100 2009 by /
  [4;36;1mTestModel Create (0.6ms)[0m   [0;1mINSERT INTO "boojas" ("updated_at", "shortcode_url", "created_at") VALUES('2009-06-06 20:03:24', 'www.example.com', '2009-06-06 20:03:24')[0m
  [4;35;1mTestModel Create (0.4ms)[0m   [0mINSERT INTO "boojas" ("updated_at", "shortcode_url", "created_at") VALUES('2009-06-06 20:03:24', 'http://www.example.com', '2009-06-06 20:03:24')[0m
  [4;36;1mTestModel Create (0.6ms)[0m   [0;1mINSERT INTO "boojas" ("updated_at", "shortcode_url", "created_at") VALUES('2009-06-06 20:03:28', 'www.example.com', '2009-06-06 20:03:28')[0m
  [4;35;1mTestModel Create (0.3ms)[0m   [0mINSERT INTO "boojas" ("updated_at", "shortcode_url", "created_at") VALUES('2009-06-06 20:03:28', 'http://www.example.com', '2009-06-06 20:03:28')[0m
  [4;36;1mTestModel Create (0.5ms)[0m   [0;1mINSERT INTO "boojas" ("updated_at", "shortcode_url", "created_at") VALUES('2009-06-06 20:03:32', 'www.example.com', '2009-06-06 20:03:32')[0m
  [4;35;1mTestModel Create (0.3ms)[0m   [0mINSERT INTO "boojas" ("updated_at", "shortcode_url", "created_at") VALUES('2009-06-06 20:03:32', 'http://www.example.com', '2009-06-06 20:03:32')[0m
  [4;36;1mTestModel Create (0.9ms)[0m   [0;1mINSERT INTO "boojas" ("updated_at", "shortcode_url", "created_at") VALUES('2009-06-06 20:03:36', 'www.example.com', '2009-06-06 20:03:36')[0m
  [4;35;1mTestModel Create (0.4ms)[0m   [0mINSERT INTO "boojas" ("updated_at", "shortcode_url", "created_at") VALUES('2009-06-06 20:03:36', 'http://www.example.com', '2009-06-06 20:03:36')[0m
  [4;36;1mTestModel Create (0.5ms)[0m   [0;1mINSERT INTO "boojas" ("updated_at", "shortcode_url", "created_at") VALUES('2009-06-06 20:03:39', 'www.example.com', '2009-06-06 20:03:39')[0m
  [4;35;1mTestModel Create (0.3ms)[0m   [0mINSERT INTO "boojas" ("updated_at", "shortcode_url", "created_at") VALUES('2009-06-06 20:03:39', 'http://www.example.com', '2009-06-06 20:03:39')[0m
  [4;36;1mTestModel Create (0.5ms)[0m   [0;1mINSERT INTO "boojas" ("updated_at", "shortcode_url", "created_at") VALUES('2009-06-06 20:03:43', 'www.example.com', '2009-06-06 20:03:43')[0m
  [4;35;1mTestModel Create (0.3ms)[0m   [0mINSERT INTO "boojas" ("updated_at", "shortcode_url", "created_at") VALUES('2009-06-06 20:03:43', 'http://www.example.com', '2009-06-06 20:03:43')[0m
  [4;36;1mTestModel Create (0.5ms)[0m   [0;1mINSERT INTO "boojas" ("updated_at", "shortcode_url", "created_at") VALUES('2009-06-06 20:03:47', 'www.example.com', '2009-06-06 20:03:47')[0m
  [4;35;1mTestModel Create (0.3ms)[0m   [0mINSERT INTO "boojas" ("updated_at", "shortcode_url", "created_at") VALUES('2009-06-06 20:03:47', 'http://www.example.com', '2009-06-06 20:03:47')[0m
  [4;36;1mTestModel Create (1.0ms)[0m   [0;1mINSERT INTO "boojas" ("updated_at", "shortcode_url", "created_at") VALUES('2009-06-06 20:03:51', 'www.example.com', '2009-06-06 20:03:51')[0m
  [4;35;1mTestModel Create (0.4ms)[0m   [0mINSERT INTO "boojas" ("updated_at", "shortcode_url", "created_at") VALUES('2009-06-06 20:03:51', 'http://www.example.com', '2009-06-06 20:03:51')[0m
  [4;36;1mTestModel Create (0.5ms)[0m   [0;1mINSERT INTO "boojas" ("updated_at", "shortcode_url", "created_at") VALUES('2009-06-06 20:03:55', 'www.example.com', '2009-06-06 20:03:55')[0m
  [4;35;1mTestModel Create (0.3ms)[0m   [0mINSERT INTO "boojas" ("updated_at", "shortcode_url", "created_at") VALUES('2009-06-06 20:03:55', 'http://www.example.com', '2009-06-06 20:03:55')[0m
  [4;36;1mTestModel Create (0.5ms)[0m   [0;1mINSERT INTO "boojas" ("updated_at", "shortcode_url", "created_at") VALUES('2009-06-06 20:03:58', 'www.example.com', '2009-06-06 20:03:58')[0m
  [4;35;1mTestModel Create (0.3ms)[0m   [0mINSERT INTO "boojas" ("updated_at", "shortcode_url", "created_at") VALUES('2009-06-06 20:03:58', 'http://www.example.com', '2009-06-06 20:03:58')[0m
  [4;36;1mTestModel Create (0.5ms)[0m   [0;1mINSERT INTO "boojas" ("updated_at", "shortcode_url", "created_at") VALUES('2009-06-06 20:04:02', 'www.example.com', '2009-06-06 20:04:02')[0m
  [4;35;1mTestModel Create (0.3ms)[0m   [0mINSERT INTO "boojas" ("updated_at", "shortcode_url", "created_at") VALUES('2009-06-06 20:04:02', 'http://www.example.com', '2009-06-06 20:04:02')[0m
  [4;36;1mTestModel Create (1.2ms)[0m   [0;1mINSERT INTO "boojas" ("updated_at", "shortcode_url", "created_at") VALUES('2009-06-06 20:04:06', 'www.example.com', '2009-06-06 20:04:06')[0m
  [4;35;1mTestModel Create (1.0ms)[0m   [0mINSERT INTO "boojas" ("updated_at", "shortcode_url", "created_at") VALUES('2009-06-06 20:04:06', 'http://www.example.com', '2009-06-06 20:04:06')[0m
  [4;36;1mTestModel Create (0.4ms)[0m   [0;1mINSERT INTO "boojas" ("updated_at", "shortcode_url", "created_at") VALUES('2009-06-06 20:04:10', NULL, '2009-06-06 20:04:10')[0m
  [4;35;1mTestModel Create (0.3ms)[0m   [0mINSERT INTO "boojas" ("updated_at", "shortcode_url", "created_at") VALUES('2009-06-06 20:04:10', 'www.example.com', '2009-06-06 20:04:10')[0m
  [4;36;1mTestModel Create (0.3ms)[0m   [0;1mINSERT INTO "boojas" ("updated_at", "shortcode_url", "created_at") VALUES('2009-06-06 20:04:10', 'http://www.example.com', '2009-06-06 20:04:10')[0m
  [4;36;1mTestModel Create (0.4ms)[0m   [0;1mINSERT INTO "boojas" ("updated_at", "shortcode_url", "created_at") VALUES('2009-06-06 20:04:14', NULL, '2009-06-06 20:04:14')[0m
  [4;35;1mTestModel Create (0.3ms)[0m   [0mINSERT INTO "boojas" ("updated_at", "shortcode_url", "created_at") VALUES('2009-06-06 20:04:14', 'www.example.com', '2009-06-06 20:04:14')[0m
  [4;36;1mTestModel Create (0.3ms)[0m   [0;1mINSERT INTO "boojas" ("updated_at", "shortcode_url", "created_at") VALUES('2009-06-06 20:04:14', 'http://www.example.com', '2009-06-06 20:04:14')[0m
  [4;36;1mTestModel Create (0.5ms)[0m   [0;1mINSERT INTO "boojas" ("updated_at", "shortcode_url", "created_at") VALUES('2009-06-06 20:04:18', NULL, '2009-06-06 20:04:18')[0m
  [4;35;1mTestModel Create (0.3ms)[0m   [0mINSERT INTO "boojas" ("updated_at", "shortcode_url", "created_at") VALUES('2009-06-06 20:04:18', 'www.example.com', '2009-06-06 20:04:18')[0m
  [4;36;1mTestModel Create (0.3ms)[0m   [0;1mINSERT INTO "boojas" ("updated_at", "shortcode_url", "created_at") VALUES('2009-06-06 20:04:18', 'http://www.example.com', '2009-06-06 20:04:18')[0m
  [4;36;1mTestModel Create (0.5ms)[0m   [0;1mINSERT INTO "boojas" ("updated_at", "shortcode_url", "created_at") VALUES('2009-06-06 20:04:21', NULL, '2009-06-06 20:04:21')[0m
  [4;35;1mTestModel Create (1.0ms)[0m   [0mINSERT INTO "boojas" ("updated_at", "shortcode_url", "created_at") VALUES('2009-06-06 20:04:21', 'www.example.com', '2009-06-06 20:04:21')[0m
  [4;36;1mTestModel Create (0.4ms)[0m   [0;1mINSERT INTO "boojas" ("updated_at", "shortcode_url", "created_at") VALUES('2009-06-06 20:04:21', 'http://www.example.com', '2009-06-06 20:04:21')[0m
  [4;36;1mTestModel Create (0.5ms)[0m   [0;1mINSERT INTO "boojas" ("updated_at", "shortcode_url", "created_at") VALUES('2009-06-06 20:04:25', NULL, '2009-06-06 20:04:25')[0m
  [4;35;1mTestModel Create (0.4ms)[0m   [0mINSERT INTO "boojas" ("updated_at", "shortcode_url", "created_at") VALUES('2009-06-06 20:04:25', 'www.example.com', '2009-06-06 20:04:25')[0m
  [4;36;1mTestModel Create (1.3ms)[0m   [0;1mINSERT INTO "boojas" ("updated_at", "shortcode_url", "created_at") VALUES('2009-06-06 20:04:25', 'http://www.example.com', '2009-06-06 20:04:25')[0m
  [4;36;1mTestModel Create (0.4ms)[0m   [0;1mINSERT INTO "boojas" ("updated_at", "shortcode_url", "created_at") VALUES('2009-06-06 20:04:29', NULL, '2009-06-06 20:04:29')[0m
  [4;35;1mTestModel Create (0.3ms)[0m   [0mINSERT INTO "boojas" ("updated_at", "shortcode_url", "created_at") VALUES('2009-06-06 20:04:29', 'www.example.com', '2009-06-06 20:04:29')[0m
  [4;36;1mTestModel Create (0.3ms)[0m   [0;1mINSERT INTO "boojas" ("updated_at", "shortcode_url", "created_at") VALUES('2009-06-06 20:04:29', 'http://www.example.com', '2009-06-06 20:04:29')[0m
  [4;36;1mTestModel Create (0.4ms)[0m   [0;1mINSERT INTO "boojas" ("updated_at", "shortcode_url", "created_at") VALUES('2009-06-06 20:04:33', NULL, '2009-06-06 20:04:33')[0m
  [4;35;1mTestModel Create (0.3ms)[0m   [0mINSERT INTO "boojas" ("updated_at", "shortcode_url", "created_at") VALUES('2009-06-06 20:04:33', 'www.example.com', '2009-06-06 20:04:33')[0m
  [4;36;1mTestModel Create (0.3ms)[0m   [0;1mINSERT INTO "boojas" ("updated_at", "shortcode_url", "created_at") VALUES('2009-06-06 20:04:33', 'http://www.example.com', '2009-06-06 20:04:33')[0m
  [4;36;1mTestModel Create (0.5ms)[0m   [0;1mINSERT INTO "boojas" ("updated_at", "shortcode_url", "created_at") VALUES('2009-06-06 20:04:37', NULL, '2009-06-06 20:04:37')[0m
  [4;35;1mTestModel Create (0.4ms)[0m   [0mINSERT INTO "boojas" ("updated_at", "shortcode_url", "created_at") VALUES('2009-06-06 20:04:37', 'www.example.com', '2009-06-06 20:04:37')[0m
  [4;36;1mTestModel Create (0.4ms)[0m   [0;1mINSERT INTO "boojas" ("updated_at", "shortcode_url", "created_at") VALUES('2009-06-06 20:04:37', 'http://www.example.com', '2009-06-06 20:04:37')[0m
  [4;36;1mTestModel Create (0.5ms)[0m   [0;1mINSERT INTO "boojas" ("updated_at", "shortcode_url", "created_at") VALUES('2009-06-06 20:04:41', NULL, '2009-06-06 20:04:41')[0m
  [4;35;1mTestModel Create (0.3ms)[0m   [0mINSERT INTO "boojas" ("updated_at", "shortcode_url", "created_at") VALUES('2009-06-06 20:04:41', 'www.example.com', '2009-06-06 20:04:41')[0m
  [4;36;1mTestModel Create (0.3ms)[0m   [0;1mINSERT INTO "boojas" ("updated_at", "shortcode_url", "created_at") VALUES('2009-06-06 20:04:41', 'http://www.example.com', '2009-06-06 20:04:41')[0m
  [4;36;1mTestModel Create (0.5ms)[0m   [0;1mINSERT INTO "boojas" ("updated_at", "shortcode_url", "created_at") VALUES('2009-06-06 20:04:45', NULL, '2009-06-06 20:04:45')[0m
  [4;35;1mTestModel Create (0.4ms)[0m   [0mINSERT INTO "boojas" ("updated_at", "shortcode_url", "created_at") VALUES('2009-06-06 20:04:45', 'www.example.com', '2009-06-06 20:04:45')[0m
  [4;36;1mTestModel Create (0.4ms)[0m   [0;1mINSERT INTO "boojas" ("updated_at", "shortcode_url", "created_at") VALUES('2009-06-06 20:04:45', 'http://www.example.com', '2009-06-06 20:04:45')[0m
  [4;36;1mTestModel Create (0.5ms)[0m   [0;1mINSERT INTO "boojas" ("updated_at", "shortcode_url", "created_at") VALUES('2009-06-06 20:04:50', NULL, '2009-06-06 20:04:50')[0m
  [4;35;1mTestModel Create (0.9ms)[0m   [0mINSERT INTO "boojas" ("updated_at", "shortcode_url", "created_at") VALUES('2009-06-06 20:04:50', 'www.example.com', '2009-06-06 20:04:50')[0m
  [4;36;1mTestModel Create (0.4ms)[0m   [0;1mINSERT INTO "boojas" ("updated_at", "shortcode_url", "created_at") VALUES('2009-06-06 20:04:50', 'http://www.example.com', '2009-06-06 20:04:50')[0m
  [4;36;1mTestModel Create (0.5ms)[0m   [0;1mINSERT INTO "boojas" ("updated_at", "shortcode_url", "created_at") VALUES('2009-06-06 20:04:54', NULL, '2009-06-06 20:04:54')[0m
  [4;35;1mTestModel Create (0.4ms)[0m   [0mINSERT INTO "boojas" ("updated_at", "shortcode_url", "created_at") VALUES('2009-06-06 20:04:54', 'www.example.com', '2009-06-06 20:04:54')[0m
  [4;36;1mTestModel Create (0.3ms)[0m   [0;1mINSERT INTO "boojas" ("updated_at", "shortcode_url", "created_at") VALUES('2009-06-06 20:04:54', 'http://www.example.com', '2009-06-06 20:04:54')[0m
  [4;36;1mTestModel Create (0.4ms)[0m   [0;1mINSERT INTO "boojas" ("updated_at", "shortcode_url", "created_at") VALUES('2009-06-06 20:04:58', NULL, '2009-06-06 20:04:58')[0m
  [4;35;1mTestModel Create (0.3ms)[0m   [0mINSERT INTO "boojas" ("updated_at", "shortcode_url", "created_at") VALUES('2009-06-06 20:04:58', 'www.example.com', '2009-06-06 20:04:58')[0m
  [4;36;1mTestModel Create (0.3ms)[0m   [0;1mINSERT INTO "boojas" ("updated_at", "shortcode_url", "created_at") VALUES('2009-06-06 20:04:58', 'http://www.example.com', '2009-06-06 20:04:58')[0m
  [4;36;1mTestModel Create (0.5ms)[0m   [0;1mINSERT INTO "boojas" ("updated_at", "shortcode_url", "created_at") VALUES('2009-06-06 20:05:03', NULL, '2009-06-06 20:05:03')[0m
  [4;35;1mTestModel Create (1.0ms)[0m   [0mINSERT INTO "boojas" ("updated_at", "shortcode_url", "created_at") VALUES('2009-06-06 20:05:03', 'www.example.com', '2009-06-06 20:05:03')[0m
  [4;36;1mTestModel Create (0.7ms)[0m   [0;1mINSERT INTO "boojas" ("updated_at", "shortcode_url", "created_at") VALUES('2009-06-06 20:05:03', 'http://www.example.com', '2009-06-06 20:05:03')[0m
  [4;36;1mTestModel Create (0.5ms)[0m   [0;1mINSERT INTO "boojas" ("updated_at", "shortcode_url", "created_at") VALUES('2009-06-06 20:05:07', NULL, '2009-06-06 20:05:07')[0m
  [4;35;1mTestModel Create (0.4ms)[0m   [0mINSERT INTO "boojas" ("updated_at", "shortcode_url", "created_at") VALUES('2009-06-06 20:05:07', 'www.example.com', '2009-06-06 20:05:07')[0m
  [4;36;1mTestModel Create (0.3ms)[0m   [0;1mINSERT INTO "boojas" ("updated_at", "shortcode_url", "created_at") VALUES('2009-06-06 20:05:07', 'http://www.example.com', '2009-06-06 20:05:07')[0m
  [4;36;1mTestModel Create (0.5ms)[0m   [0;1mINSERT INTO "boojas" ("updated_at", "shortcode_url", "created_at") VALUES('2009-06-06 20:05:12', NULL, '2009-06-06 20:05:12')[0m
  [4;35;1mTestModel Create (0.9ms)[0m   [0mINSERT INTO "boojas" ("updated_at", "shortcode_url", "created_at") VALUES('2009-06-06 20:05:12', 'www.example.com', '2009-06-06 20:05:12')[0m
  [4;36;1mTestModel Create (0.5ms)[0m   [0;1mINSERT INTO "boojas" ("updated_at", "shortcode_url", "created_at") VALUES('2009-06-06 20:05:12', 'http://www.example.com', '2009-06-06 20:05:12')[0m
  [4;36;1mTestModel Create (0.9ms)[0m   [0;1mINSERT INTO "boojas" ("updated_at", "shortcode_url", "created_at") VALUES('2009-06-06 20:05:16', NULL, '2009-06-06 20:05:16')[0m
  [4;35;1mTestModel Create (0.4ms)[0m   [0mINSERT INTO "boojas" ("updated_at", "shortcode_url", "created_at") VALUES('2009-06-06 20:05:16', 'www.example.com', '2009-06-06 20:05:16')[0m
  [4;36;1mTestModel Create (0.4ms)[0m   [0;1mINSERT INTO "boojas" ("updated_at", "shortcode_url", "created_at") VALUES('2009-06-06 20:05:16', 'http://www.example.com', '2009-06-06 20:05:16')[0m
  [4;36;1mTestModel Create (0.4ms)[0m   [0;1mINSERT INTO "boojas" ("updated_at", "shortcode_url", "created_at") VALUES('2009-06-06 20:05:21', NULL, '2009-06-06 20:05:21')[0m
  [4;35;1mTestModel Create (0.3ms)[0m   [0mINSERT INTO "boojas" ("updated_at", "shortcode_url", "created_at") VALUES('2009-06-06 20:05:21', 'www.example.com', '2009-06-06 20:05:21')[0m
  [4;36;1mTestModel Create (0.3ms)[0m   [0;1mINSERT INTO "boojas" ("updated_at", "shortcode_url", "created_at") VALUES('2009-06-06 20:05:21', 'http://www.example.com', '2009-06-06 20:05:21')[0m
  [4;36;1mTestModel Create (0.6ms)[0m   [0;1mINSERT INTO "boojas" ("updated_at", "shortcode_url", "created_at") VALUES('2009-06-06 20:05:26', NULL, '2009-06-06 20:05:26')[0m
  [4;35;1mTestModel Create (0.9ms)[0m   [0mINSERT INTO "boojas" ("updated_at", "shortcode_url", "created_at") VALUES('2009-06-06 20:05:26', 'www.example.com', '2009-06-06 20:05:26')[0m
  [4;36;1mTestModel Create (0.6ms)[0m   [0;1mINSERT INTO "boojas" ("updated_at", "shortcode_url", "created_at") VALUES('2009-06-06 20:05:26', 'http://www.example.com', '2009-06-06 20:05:26')[0m
  [4;36;1mTestModel Create (0.5ms)[0m   [0;1mINSERT INTO "boojas" ("updated_at", "shortcode_url", "created_at") VALUES('2009-06-06 20:05:30', NULL, '2009-06-06 20:05:30')[0m
  [4;35;1mTestModel Create (0.3ms)[0m   [0mINSERT INTO "boojas" ("updated_at", "shortcode_url", "created_at") VALUES('2009-06-06 20:05:30', 'www.example.com', '2009-06-06 20:05:30')[0m
  [4;36;1mTestModel Create (0.3ms)[0m   [0;1mINSERT INTO "boojas" ("updated_at", "shortcode_url", "created_at") VALUES('2009-06-06 20:05:30', 'http://www.example.com', '2009-06-06 20:05:30')[0m
  [4;36;1mTestModel Create (0.6ms)[0m   [0;1mINSERT INTO "boojas" ("updated_at", "shortcode_url", "created_at") VALUES('2009-06-06 20:05:35', NULL, '2009-06-06 20:05:35')[0m
  [4;35;1mTestModel Create (1.0ms)[0m   [0mINSERT INTO "boojas" ("updated_at", "shortcode_url", "created_at") VALUES('2009-06-06 20:05:35', 'www.example.com', '2009-06-06 20:05:35')[0m
  [4;36;1mTestModel Create (0.5ms)[0m   [0;1mINSERT INTO "boojas" ("updated_at", "shortcode_url", "created_at") VALUES('2009-06-06 20:05:35', 'http://www.example.com', '2009-06-06 20:05:35')[0m
  [4;36;1mTestModel Create (0.5ms)[0m   [0;1mINSERT INTO "boojas" ("updated_at", "shortcode_url", "created_at") VALUES('2009-06-06 20:05:40', NULL, '2009-06-06 20:05:40')[0m
  [4;35;1mTestModel Create (0.3ms)[0m   [0mINSERT INTO "boojas" ("updated_at", "shortcode_url", "created_at") VALUES('2009-06-06 20:05:40', 'www.example.com', '2009-06-06 20:05:40')[0m
  [4;36;1mTestModel Create (0.3ms)[0m   [0;1mINSERT INTO "boojas" ("updated_at", "shortcode_url", "created_at") VALUES('2009-06-06 20:05:40', 'http://www.example.com', '2009-06-06 20:05:40')[0m
  [4;36;1mTestModel Create (0.6ms)[0m   [0;1mINSERT INTO "boojas" ("updated_at", "shortcode_url", "created_at") VALUES('2009-06-06 20:05:45', 'http://', '2009-06-06 20:05:45')[0m
  [4;35;1mTestModel Create (0.9ms)[0m   [0mINSERT INTO "boojas" ("updated_at", "shortcode_url", "created_at") VALUES('2009-06-06 20:05:45', 'http://www.example.com', '2009-06-06 20:05:45')[0m
  [4;36;1mTestModel Create (0.5ms)[0m   [0;1mINSERT INTO "boojas" ("updated_at", "shortcode_url", "created_at") VALUES('2009-06-06 20:05:45', 'http://www.example.com', '2009-06-06 20:05:45')[0m
  [4;36;1mTestModel Create (0.5ms)[0m   [0;1mINSERT INTO "boojas" ("updated_at", "shortcode_url", "created_at") VALUES('2009-06-06 20:05:50', 'http://', '2009-06-06 20:05:50')[0m
  [4;35;1mTestModel Create (0.4ms)[0m   [0mINSERT INTO "boojas" ("updated_at", "shortcode_url", "created_at") VALUES('2009-06-06 20:05:50', 'http://www.example.com', '2009-06-06 20:05:50')[0m
  [4;36;1mTestModel Create (0.4ms)[0m   [0;1mINSERT INTO "boojas" ("updated_at", "shortcode_url", "created_at") VALUES('2009-06-06 20:05:50', 'http://www.example.com', '2009-06-06 20:05:50')[0m
  [4;36;1mTestModel Create (0.5ms)[0m   [0;1mINSERT INTO "boojas" ("updated_at", "shortcode_url", "created_at") VALUES('2009-06-06 20:05:54', 'http://', '2009-06-06 20:05:54')[0m
  [4;35;1mTestModel Create (1.1ms)[0m   [0mINSERT INTO "boojas" ("updated_at", "shortcode_url", "created_at") VALUES('2009-06-06 20:05:54', 'http://www.example.com', '2009-06-06 20:05:54')[0m
  [4;36;1mTestModel Create (0.7ms)[0m   [0;1mINSERT INTO "boojas" ("updated_at", "shortcode_url", "created_at") VALUES('2009-06-06 20:05:54', 'http://www.example.com', '2009-06-06 20:05:54')[0m
  [4;36;1mTestModel Create (0.5ms)[0m   [0;1mINSERT INTO "boojas" ("updated_at", "shortcode_url", "created_at") VALUES('2009-06-06 20:05:59', 'http://', '2009-06-06 20:05:59')[0m
  [4;35;1mTestModel Create (0.4ms)[0m   [0mINSERT INTO "boojas" ("updated_at", "shortcode_url", "created_at") VALUES('2009-06-06 20:05:59', 'http://www.example.com', '2009-06-06 20:05:59')[0m
  [4;36;1mTestModel Create (0.3ms)[0m   [0;1mINSERT INTO "boojas" ("updated_at", "shortcode_url", "created_at") VALUES('2009-06-06 20:05:59', 'http://www.example.com', '2009-06-06 20:05:59')[0m
  [4;36;1mTestModel Create (0.7ms)[0m   [0;1mINSERT INTO "boojas" ("updated_at", "shortcode_url", "created_at") VALUES('2009-06-06 20:06:04', NULL, '2009-06-06 20:06:04')[0m
  [4;35;1mTestModel Create (0.7ms)[0m   [0mINSERT INTO "boojas" ("updated_at", "shortcode_url", "created_at") VALUES('2009-06-06 20:06:04', 'http://www.example.com', '2009-06-06 20:06:04')[0m
  [4;36;1mTestModel Create (0.7ms)[0m   [0;1mINSERT INTO "boojas" ("updated_at", "shortcode_url", "created_at") VALUES('2009-06-06 20:06:04', 'http://www.example.com', '2009-06-06 20:06:04')[0m
  [4;36;1mTestModel Create (0.5ms)[0m   [0;1mINSERT INTO "boojas" ("updated_at", "shortcode_url", "created_at") VALUES('2009-06-06 20:06:08', NULL, '2009-06-06 20:06:08')[0m
  [4;35;1mTestModel Create (0.4ms)[0m   [0mINSERT INTO "boojas" ("updated_at", "shortcode_url", "created_at") VALUES('2009-06-06 20:06:08', 'http://www.example.com', '2009-06-06 20:06:08')[0m
  [4;36;1mTestModel Create (0.4ms)[0m   [0;1mINSERT INTO "boojas" ("updated_at", "shortcode_url", "created_at") VALUES('2009-06-06 20:06:08', 'http://www.example.com', '2009-06-06 20:06:08')[0m
